<?xml version="1.0" encoding="UTF-8"?>
<testng-results ignored="0" total="7" passed="6" failed="1" skipped="0">
  <reporter-output>
  </reporter-output>
  <suite started-at="2020-09-22T14:46:08 CDT" name="SambaSafety Test Suite" finished-at="2020-09-22T14:50:49 CDT" duration-ms="281597">
    <groups>
    </groups>
    <test started-at="2020-09-22T14:46:08 CDT" name="SambaSafety regression Test" finished-at="2020-09-22T14:50:49 CDT" duration-ms="281597">
      <class name="sambasafety.testcases.FindBrokenLinksTest">
        <test-method is-config="true" signature="setUp()[pri:0, instance:sambasafety.testcases.FindBrokenLinksTest@7690781]" started-at="2020-09-22T14:48:53 CDT" name="setUp" finished-at="2020-09-22T14:49:02 CDT" duration-ms="9086" status="PASS">
          <reporter-output>
          </reporter-output>
        </test-method> <!-- setUp -->
        <test-method signature="BrokenLinkTest()[pri:1, instance:sambasafety.testcases.FindBrokenLinksTest@7690781]" started-at="2020-09-22T14:49:02 CDT" name="BrokenLinkTest" finished-at="2020-09-22T14:49:26 CDT" duration-ms="23440" status="PASS">
          <reporter-output>
          </reporter-output>
        </test-method> <!-- BrokenLinkTest -->
        <test-method is-config="true" signature="tearDown()[pri:0, instance:sambasafety.testcases.FindBrokenLinksTest@7690781]" started-at="2020-09-22T14:49:26 CDT" name="tearDown" finished-at="2020-09-22T14:49:27 CDT" duration-ms="934" status="PASS">
          <reporter-output>
          </reporter-output>
        </test-method> <!-- tearDown -->
      </class> <!-- sambasafety.testcases.FindBrokenLinksTest -->
      <class name="sambasafety.testcases.HomePageTest">
        <test-method is-config="true" signature="setExtent()[pri:0, instance:sambasafety.testcases.HomePageTest@140c9f39]" started-at="2020-09-22T14:46:08 CDT" name="setExtent" finished-at="2020-09-22T14:46:08 CDT" duration-ms="5" status="PASS">
          <reporter-output>
          </reporter-output>
        </test-method> <!-- setExtent -->
        <test-method is-config="true" signature="setup()[pri:0, instance:sambasafety.testcases.HomePageTest@140c9f39]" started-at="2020-09-22T14:46:08 CDT" name="setup" finished-at="2020-09-22T14:46:38 CDT" duration-ms="30023" status="PASS">
          <reporter-output>
          </reporter-output>
        </test-method> <!-- setup -->
        <test-method signature="CompanyLogoTest()[pri:1, instance:sambasafety.testcases.HomePageTest@140c9f39]" started-at="2020-09-22T14:46:38 CDT" name="CompanyLogoTest" finished-at="2020-09-22T14:46:40 CDT" duration-ms="1757" status="PASS">
          <reporter-output>
          </reporter-output>
        </test-method> <!-- CompanyLogoTest -->
        <test-method is-config="true" signature="tearDown(org.testng.ITestResult)[pri:0, instance:sambasafety.testcases.HomePageTest@140c9f39]" started-at="2020-09-22T14:46:40 CDT" name="tearDown" finished-at="2020-09-22T14:46:41 CDT" duration-ms="930" status="PASS">
          <params>
            <param index="0">
              <value>
                <![CDATA[[TestResult name=CompanyLogoTest status=SUCCESS method=HomePageTest.CompanyLogoTest()[pri:1, instance:sambasafety.testcases.HomePageTest@140c9f39] output={null}]]]>
              </value>
            </param>
          </params>
          <reporter-output>
          </reporter-output>
        </test-method> <!-- tearDown -->
        <test-method is-config="true" signature="setup()[pri:0, instance:sambasafety.testcases.HomePageTest@140c9f39]" started-at="2020-09-22T14:46:41 CDT" name="setup" finished-at="2020-09-22T14:47:04 CDT" duration-ms="23898" status="PASS">
          <reporter-output>
          </reporter-output>
        </test-method> <!-- setup -->
        <test-method signature="PageTitleTest()[pri:2, instance:sambasafety.testcases.HomePageTest@140c9f39]" started-at="2020-09-22T14:47:04 CDT" name="PageTitleTest" finished-at="2020-09-22T14:47:04 CDT" duration-ms="9" status="FAIL">
          <exception class="java.lang.AssertionError">
            <message>
              <![CDATA[Page Title not match - Test Case Failed. expected [Continuous MVR Monitoring & Driver Risk Management Software - TESTING] but found [Continuous MVR Monitoring & Driver Risk Management Software]]]>
            </message>
            <full-stacktrace>
              <![CDATA[java.lang.AssertionError: Page Title not match - Test Case Failed. expected [Continuous MVR Monitoring & Driver Risk Management Software - TESTING] but found [Continuous MVR Monitoring & Driver Risk Management Software]
at org.testng.Assert.fail(Assert.java:97)
at org.testng.Assert.assertEqualsImpl(Assert.java:136)
at org.testng.Assert.assertEquals(Assert.java:118)
at org.testng.Assert.assertEquals(Assert.java:575)
at sambasafety.testcases.HomePageTest.PageTitleTest(HomePageTest.java:95)
at java.base/jdk.internal.reflect.NativeMethodAccessorImpl.invoke0(Native Method)
at java.base/jdk.internal.reflect.NativeMethodAccessorImpl.invoke(NativeMethodAccessorImpl.java:62)
at java.base/jdk.internal.reflect.DelegatingMethodAccessorImpl.invoke(DelegatingMethodAccessorImpl.java:43)
at java.base/java.lang.reflect.Method.invoke(Method.java:566)
at org.testng.internal.MethodInvocationHelper.invokeMethod(MethodInvocationHelper.java:135)
at org.testng.internal.TestInvoker.invokeMethod(TestInvoker.java:598)
at org.testng.internal.TestInvoker.invokeTestMethod(TestInvoker.java:174)
at org.testng.internal.MethodRunner.runInSequence(MethodRunner.java:46)
at org.testng.internal.TestInvoker$MethodInvocationAgent.invoke(TestInvoker.java:821)
at org.testng.internal.TestInvoker.invokeTestMethods(TestInvoker.java:147)
at org.testng.internal.TestMethodWorker.invokeTestMethods(TestMethodWorker.java:146)
at org.testng.internal.TestMethodWorker.run(TestMethodWorker.java:128)
at java.base/java.util.ArrayList.forEach(ArrayList.java:1540)
at org.testng.TestRunner.privateRun(TestRunner.java:767)
at org.testng.TestRunner.run(TestRunner.java:588)
at org.testng.SuiteRunner.runTest(SuiteRunner.java:384)
at org.testng.SuiteRunner.runSequentially(SuiteRunner.java:378)
at org.testng.SuiteRunner.privateRun(SuiteRunner.java:337)
at org.testng.SuiteRunner.run(SuiteRunner.java:286)
at org.testng.SuiteRunnerWorker.runSuite(SuiteRunnerWorker.java:53)
at org.testng.SuiteRunnerWorker.run(SuiteRunnerWorker.java:96)
at org.testng.TestNG.runSuitesSequentially(TestNG.java:1214)
at org.testng.TestNG.runSuitesLocally(TestNG.java:1136)
at org.testng.TestNG.runSuites(TestNG.java:1066)
at org.testng.TestNG.run(TestNG.java:1034)
at org.testng.remote.AbstractRemoteTestNG.run(AbstractRemoteTestNG.java:115)
at org.testng.remote.RemoteTestNG.initAndRun(RemoteTestNG.java:251)
at org.testng.remote.RemoteTestNG.main(RemoteTestNG.java:77)
]]>
            </full-stacktrace>
          </exception> <!-- java.lang.AssertionError -->
          <reporter-output>
          </reporter-output>
        </test-method> <!-- PageTitleTest -->
        <test-method is-config="true" signature="tearDown(org.testng.ITestResult)[pri:0, instance:sambasafety.testcases.HomePageTest@140c9f39]" started-at="2020-09-22T14:47:04 CDT" name="tearDown" finished-at="2020-09-22T14:47:06 CDT" duration-ms="1944" status="PASS">
          <params>
            <param index="0">
              <value>
                <![CDATA[[TestResult name=PageTitleTest status=FAILURE method=HomePageTest.PageTitleTest()[pri:2, instance:sambasafety.testcases.HomePageTest@140c9f39] output={null}]]]>
              </value>
            </param>
          </params>
          <reporter-output>
          </reporter-output>
        </test-method> <!-- tearDown -->
        <test-method is-config="true" signature="setup()[pri:0, instance:sambasafety.testcases.HomePageTest@140c9f39]" started-at="2020-09-22T14:47:06 CDT" name="setup" finished-at="2020-09-22T14:47:17 CDT" duration-ms="10787" status="PASS">
          <reporter-output>
          </reporter-output>
        </test-method> <!-- setup -->
        <test-method signature="SambaSafetyCopyRightTest()[pri:3, instance:sambasafety.testcases.HomePageTest@140c9f39]" started-at="2020-09-22T14:47:17 CDT" name="SambaSafetyCopyRightTest" finished-at="2020-09-22T14:47:29 CDT" duration-ms="11743" status="PASS">
          <reporter-output>
          </reporter-output>
        </test-method> <!-- SambaSafetyCopyRightTest -->
        <test-method is-config="true" signature="tearDown(org.testng.ITestResult)[pri:0, instance:sambasafety.testcases.HomePageTest@140c9f39]" started-at="2020-09-22T14:47:29 CDT" name="tearDown" finished-at="2020-09-22T14:47:30 CDT" duration-ms="937" status="PASS">
          <params>
            <param index="0">
              <value>
                <![CDATA[[TestResult name=SambaSafetyCopyRightTest status=SUCCESS method=HomePageTest.SambaSafetyCopyRightTest()[pri:3, instance:sambasafety.testcases.HomePageTest@140c9f39] output={null}]]]>
              </value>
            </param>
          </params>
          <reporter-output>
          </reporter-output>
        </test-method> <!-- tearDown -->
        <test-method is-config="true" signature="endReport()[pri:0, instance:sambasafety.testcases.HomePageTest@140c9f39]" started-at="2020-09-22T14:50:49 CDT" name="endReport" finished-at="2020-09-22T14:50:49 CDT" duration-ms="366" status="PASS">
          <reporter-output>
          </reporter-output>
        </test-method> <!-- endReport -->
      </class> <!-- sambasafety.testcases.HomePageTest -->
      <class name="sambasafety.testcases.FindBrokenImagesTest">
        <test-method is-config="true" signature="setUp()[pri:0, instance:sambasafety.testcases.FindBrokenImagesTest@77eca502]" started-at="2020-09-22T14:49:27 CDT" name="setUp" finished-at="2020-09-22T14:49:35 CDT" duration-ms="8563" status="PASS">
          <reporter-output>
          </reporter-output>
        </test-method> <!-- setUp -->
        <test-method signature="BrokenImagesTest()[pri:1, instance:sambasafety.testcases.FindBrokenImagesTest@77eca502]" started-at="2020-09-22T14:49:35 CDT" name="BrokenImagesTest" finished-at="2020-09-22T14:50:48 CDT" duration-ms="72626" status="PASS">
          <reporter-output>
          </reporter-output>
        </test-method> <!-- BrokenImagesTest -->
        <test-method is-config="true" signature="tearDown()[pri:0, instance:sambasafety.testcases.FindBrokenImagesTest@77eca502]" started-at="2020-09-22T14:50:48 CDT" name="tearDown" finished-at="2020-09-22T14:50:49 CDT" duration-ms="949" status="PASS">
          <reporter-output>
          </reporter-output>
        </test-method> <!-- tearDown -->
      </class> <!-- sambasafety.testcases.FindBrokenImagesTest -->
      <class name="sambasafety.testcases.SubmitTicketTest">
        <test-method is-config="true" signature="setExtent()[pri:0, instance:sambasafety.testcases.SubmitTicketTest@26275bef]" started-at="2020-09-22T14:46:08 CDT" name="setExtent" finished-at="2020-09-22T14:46:08 CDT" duration-ms="5" status="PASS">
          <reporter-output>
          </reporter-output>
        </test-method> <!-- setExtent -->
        <test-method is-config="true" signature="setup()[pri:0, instance:sambasafety.testcases.SubmitTicketTest@26275bef]" started-at="2020-09-22T14:48:07 CDT" name="setup" finished-at="2020-09-22T14:48:25 CDT" duration-ms="18032" status="PASS">
          <reporter-output>
          </reporter-output>
        </test-method> <!-- setup -->
        <test-method signature="SubmitATicketTest()[pri:1, instance:sambasafety.testcases.SubmitTicketTest@26275bef]" started-at="2020-09-22T14:48:25 CDT" name="SubmitATicketTest" finished-at="2020-09-22T14:48:52 CDT" duration-ms="26814" status="PASS">
          <reporter-output>
          </reporter-output>
        </test-method> <!-- SubmitATicketTest -->
        <test-method is-config="true" signature="tearDown(org.testng.ITestResult)[pri:0, instance:sambasafety.testcases.SubmitTicketTest@26275bef]" started-at="2020-09-22T14:48:52 CDT" name="tearDown" finished-at="2020-09-22T14:48:53 CDT" duration-ms="1006" status="PASS">
          <params>
            <param index="0">
              <value>
                <![CDATA[[TestResult name=SubmitATicketTest status=SUCCESS method=SubmitTicketTest.SubmitATicketTest()[pri:1, instance:sambasafety.testcases.SubmitTicketTest@26275bef] output={null}]]]>
              </value>
            </param>
          </params>
          <reporter-output>
          </reporter-output>
        </test-method> <!-- tearDown -->
        <test-method is-config="true" signature="endReport()[pri:0, instance:sambasafety.testcases.SubmitTicketTest@26275bef]" started-at="2020-09-22T14:50:49 CDT" name="endReport" finished-at="2020-09-22T14:50:49 CDT" duration-ms="78" status="PASS">
          <reporter-output>
          </reporter-output>
        </test-method> <!-- endReport -->
      </class> <!-- sambasafety.testcases.SubmitTicketTest -->
      <class name="sambasafety.testcases.HomePageSearchTest">
        <test-method is-config="true" signature="setExtent()[pri:0, instance:sambasafety.testcases.HomePageSearchTest@4d910fd6]" started-at="2020-09-22T14:46:08 CDT" name="setExtent" finished-at="2020-09-22T14:46:08 CDT" duration-ms="279" status="PASS">
          <reporter-output>
          </reporter-output>
        </test-method> <!-- setExtent -->
        <test-method is-config="true" signature="setup()[pri:0, instance:sambasafety.testcases.HomePageSearchTest@4d910fd6]" started-at="2020-09-22T14:47:30 CDT" name="setup" finished-at="2020-09-22T14:47:43 CDT" duration-ms="13272" status="PASS">
          <reporter-output>
          </reporter-output>
        </test-method> <!-- setup -->
        <test-method signature="SearchTest()[pri:1, instance:sambasafety.testcases.HomePageSearchTest@4d910fd6]" started-at="2020-09-22T14:47:43 CDT" name="SearchTest" finished-at="2020-09-22T14:48:06 CDT" duration-ms="23052" status="PASS">
          <reporter-output>
          </reporter-output>
        </test-method> <!-- SearchTest -->
        <test-method is-config="true" signature="tearDown()[pri:0, instance:sambasafety.testcases.HomePageSearchTest@4d910fd6]" started-at="2020-09-22T14:48:06 CDT" name="tearDown" finished-at="2020-09-22T14:48:07 CDT" duration-ms="1015" status="PASS">
          <reporter-output>
          </reporter-output>
        </test-method> <!-- tearDown -->
        <test-method is-config="true" signature="tearDown()[pri:0, instance:sambasafety.testcases.HomePageSearchTest@4d910fd6]" started-at="2020-09-22T14:50:49 CDT" name="tearDown" finished-at="2020-09-22T14:50:49 CDT" duration-ms="0" status="PASS">
          <reporter-output>
          </reporter-output>
        </test-method> <!-- tearDown -->
      </class> <!-- sambasafety.testcases.HomePageSearchTest -->
    </test> <!-- SambaSafety regression Test -->
  </suite> <!-- SambaSafety Test Suite -->
</testng-results>
