<?xml version="1.0" encoding="UTF-8"?>
<!-- Generated by org.testng.reporters.JUnitReportReporter -->
<testsuite hostname="L0USMN000110689" failures="0" tests="3" name="com.testcases.TakeScreenShotOnlyFailedTest" time="2.342" errors="1" timestamp="06 Sep 2020 18:51:10 GMT" skipped="2">
  <testcase classname="com.testcases.TakeScreenShotOnlyFailedTest" name="freemCRMLogoTest" time="0.000">
    <skipped/>
  </testcase> <!-- freemCRMLogoTest -->
  <testcase classname="com.testcases.TakeScreenShotOnlyFailedTest" name="setup" time="2.342">
    <error message="session not created: This version of ChromeDriver only supports Chrome version 83
Build info: version: &#039;unknown&#039;, revision: &#039;unknown&#039;, time: &#039;unknown&#039;
System info: host: &#039;L0USMN000110689&#039;, ip: &#039;192.168.0.5&#039;, os.name: &#039;Windows 10&#039;, os.arch: &#039;amd64&#039;, os.version: &#039;10.0&#039;, java.version: &#039;11.0.7&#039;
Driver info: driver.version: ChromeDriver
remote stacktrace: Backtrace:
	Ordinal0 [0x00619563+2725219]
	Ordinal0 [0x00518551+1672529]
	Ordinal0 [0x00400359+525145]
	Ordinal0 [0x00390B77+68471]
	Ordinal0 [0x0038D32C+54060]
	Ordinal0 [0x003ACC37+183351]
	Ordinal0 [0x003ACA3D+182845]
	Ordinal0 [0x003AA94B+174411]
	Ordinal0 [0x00392528+75048]
	Ordinal0 [0x003935A0+79264]
	Ordinal0 [0x00393539+79161]
	Ordinal0 [0x0052D607+1758727]
	GetHandleVerifier [0x00736546+1050150]
	GetHandleVerifier [0x00736291+1049457]
	GetHandleVerifier [0x007410D7+1094071]
	GetHandleVerifier [0x00736B46+1051686]
	Ordinal0 [0x00525B06+1727238]
	Ordinal0 [0x0052EB7B+1764219]
	Ordinal0 [0x0052ECE3+1764579]
	Ordinal0 [0x00544C05+1854469]
	BaseThreadInitThunk [0x76368494+36]
	RtlAreBitsSet [0x76FD4328+136]
	RtlAreBitsSet [0x76FD42F8+88]
" type="org.openqa.selenium.SessionNotCreatedException">
      <![CDATA[org.openqa.selenium.SessionNotCreatedException: session not created: This version of ChromeDriver only supports Chrome version 83
Build info: version: 'unknown', revision: 'unknown', time: 'unknown'
System info: host: 'L0USMN000110689', ip: '192.168.0.5', os.name: 'Windows 10', os.arch: 'amd64', os.version: '10.0', java.version: '11.0.7'
Driver info: driver.version: ChromeDriver
remote stacktrace: Backtrace:
	Ordinal0 [0x00619563+2725219]
	Ordinal0 [0x00518551+1672529]
	Ordinal0 [0x00400359+525145]
	Ordinal0 [0x00390B77+68471]
	Ordinal0 [0x0038D32C+54060]
	Ordinal0 [0x003ACC37+183351]
	Ordinal0 [0x003ACA3D+182845]
	Ordinal0 [0x003AA94B+174411]
	Ordinal0 [0x00392528+75048]
	Ordinal0 [0x003935A0+79264]
	Ordinal0 [0x00393539+79161]
	Ordinal0 [0x0052D607+1758727]
	GetHandleVerifier [0x00736546+1050150]
	GetHandleVerifier [0x00736291+1049457]
	GetHandleVerifier [0x007410D7+1094071]
	GetHandleVerifier [0x00736B46+1051686]
	Ordinal0 [0x00525B06+1727238]
	Ordinal0 [0x0052EB7B+1764219]
	Ordinal0 [0x0052ECE3+1764579]
	Ordinal0 [0x00544C05+1854469]
	BaseThreadInitThunk [0x76368494+36]
	RtlAreBitsSet [0x76FD4328+136]
	RtlAreBitsSet [0x76FD42F8+88]

	at java.base/jdk.internal.reflect.NativeConstructorAccessorImpl.newInstance0(Native Method)
	at java.base/jdk.internal.reflect.NativeConstructorAccessorImpl.newInstance(NativeConstructorAccessorImpl.java:62)
	at java.base/jdk.internal.reflect.DelegatingConstructorAccessorImpl.newInstance(DelegatingConstructorAccessorImpl.java:45)
	at java.base/java.lang.reflect.Constructor.newInstance(Constructor.java:490)
	at org.openqa.selenium.remote.W3CHandshakeResponse.lambda$errorHandler$0(W3CHandshakeResponse.java:62)
	at org.openqa.selenium.remote.HandshakeResponse.lambda$getResponseFunction$0(HandshakeResponse.java:30)
	at org.openqa.selenium.remote.ProtocolHandshake.lambda$createSession$0(ProtocolHandshake.java:126)
	at java.base/java.util.stream.ReferencePipeline$3$1.accept(ReferencePipeline.java:195)
	at java.base/java.util.Spliterators$ArraySpliterator.tryAdvance(Spliterators.java:958)
	at java.base/java.util.stream.ReferencePipeline.forEachWithCancel(ReferencePipeline.java:127)
	at java.base/java.util.stream.AbstractPipeline.copyIntoWithCancel(AbstractPipeline.java:502)
	at java.base/java.util.stream.AbstractPipeline.copyInto(AbstractPipeline.java:488)
	at java.base/java.util.stream.AbstractPipeline.wrapAndCopyInto(AbstractPipeline.java:474)
	at java.base/java.util.stream.FindOps$FindOp.evaluateSequential(FindOps.java:150)
	at java.base/java.util.stream.AbstractPipeline.evaluate(AbstractPipeline.java:234)
	at java.base/java.util.stream.ReferencePipeline.findFirst(ReferencePipeline.java:543)
	at org.openqa.selenium.remote.ProtocolHandshake.createSession(ProtocolHandshake.java:128)
	at org.openqa.selenium.remote.ProtocolHandshake.createSession(ProtocolHandshake.java:74)
	at org.openqa.selenium.remote.HttpCommandExecutor.execute(HttpCommandExecutor.java:136)
	at org.openqa.selenium.remote.service.DriverCommandExecutor.execute(DriverCommandExecutor.java:83)
	at org.openqa.selenium.remote.RemoteWebDriver.execute(RemoteWebDriver.java:552)
	at org.openqa.selenium.remote.RemoteWebDriver.startSession(RemoteWebDriver.java:213)
	at org.openqa.selenium.remote.RemoteWebDriver.<init>(RemoteWebDriver.java:131)
	at org.openqa.selenium.chrome.ChromeDriver.<init>(ChromeDriver.java:181)
	at org.openqa.selenium.chrome.ChromeDriver.<init>(ChromeDriver.java:168)
	at org.openqa.selenium.chrome.ChromeDriver.<init>(ChromeDriver.java:123)
	at com.testcases.TakeScreenShotOnlyFailedTest.setup(TakeScreenShotOnlyFailedTest.java:73)
	at java.base/jdk.internal.reflect.NativeMethodAccessorImpl.invoke0(Native Method)
	at java.base/jdk.internal.reflect.NativeMethodAccessorImpl.invoke(NativeMethodAccessorImpl.java:62)
	at java.base/jdk.internal.reflect.DelegatingMethodAccessorImpl.invoke(DelegatingMethodAccessorImpl.java:43)
	at java.base/java.lang.reflect.Method.invoke(Method.java:566)
	at org.testng.internal.MethodInvocationHelper.invokeMethod(MethodInvocationHelper.java:108)
	at org.testng.internal.Invoker.invokeConfigurationMethod(Invoker.java:523)
	at org.testng.internal.Invoker.invokeConfigurations(Invoker.java:224)
	at org.testng.internal.Invoker.invokeMethod(Invoker.java:599)
	at org.testng.internal.Invoker.invokeTestMethod(Invoker.java:869)
	at org.testng.internal.Invoker.invokeTestMethods(Invoker.java:1193)
	at org.testng.internal.TestMethodWorker.invokeTestMethods(TestMethodWorker.java:126)
	at org.testng.internal.TestMethodWorker.run(TestMethodWorker.java:109)
	at org.testng.TestRunner.privateRun(TestRunner.java:744)
	at org.testng.TestRunner.run(TestRunner.java:602)
	at org.testng.SuiteRunner.runTest(SuiteRunner.java:380)
	at org.testng.SuiteRunner.runSequentially(SuiteRunner.java:375)
	at org.testng.SuiteRunner.privateRun(SuiteRunner.java:340)
	at org.testng.SuiteRunner.run(SuiteRunner.java:289)
	at org.testng.SuiteRunnerWorker.runSuite(SuiteRunnerWorker.java:52)
	at org.testng.SuiteRunnerWorker.run(SuiteRunnerWorker.java:86)
	at org.testng.TestNG.runSuitesSequentially(TestNG.java:1301)
	at org.testng.TestNG.runSuitesLocally(TestNG.java:1226)
	at org.testng.TestNG.runSuites(TestNG.java:1144)
	at org.testng.TestNG.run(TestNG.java:1115)
	at org.testng.remote.AbstractRemoteTestNG.run(AbstractRemoteTestNG.java:115)
	at org.testng.remote.RemoteTestNG.initAndRun(RemoteTestNG.java:251)
	at org.testng.remote.RemoteTestNG.main(RemoteTestNG.java:77)
]]>
    </error>
  </testcase> <!-- setup -->
  <testcase classname="com.testcases.TakeScreenShotOnlyFailedTest" name="freeCrmTitleTest" time="0.000">
    <skipped/>
  </testcase> <!-- freeCrmTitleTest -->
</testsuite> <!-- com.testcases.TakeScreenShotOnlyFailedTest -->
